#
# A fatal error has been detected by the Java Runtime Environment:
#
#  EXCEPTION_ACCESS_VIOLATION (0xc0000005) at pc=0x0000000000000032, pid=468, tid=7268
#
# JRE version: OpenJDK Runtime Environment (21.0.5) (build 21.0.5+-12932927-b750.29)
# Java VM: OpenJDK 64-Bit Server VM (21.0.5+-12932927-b750.29, mixed mode, tiered, compressed oops, compressed class ptrs, g1 gc, windows-amd64)
# Problematic frame:
# V  [jvm.dll+0x314ce2]
#
# No core dump will be written. Minidumps are not enabled by default on client versions of Windows
#
# If you would like to submit a bug report, please visit:
#   https://youtrack.jetbrains.com/issues/JBR
#

---------------  S U M M A R Y ------------

Command Line: --add-opens=java.base/java.lang=ALL-UNNAMED --add-opens=java.base/java.lang.invoke=ALL-UNNAMED --add-opens=java.base/java.util=ALL-UNNAMED --add-opens=java.prefs/java.util.prefs=ALL-UNNAMED --add-exports=jdk.compiler/com.sun.tools.javac.api=ALL-UNNAMED --add-exports=jdk.compiler/com.sun.tools.javac.util=ALL-UNNAMED --add-opens=java.base/java.util=ALL-UNNAMED --add-opens=java.prefs/java.util.prefs=ALL-UNNAMED --add-opens=java.base/java.nio.charset=ALL-UNNAMED --add-opens=java.base/java.net=ALL-UNNAMED --add-opens=java.base/java.util.concurrent.atomic=ALL-UNNAMED --add-opens=java.xml/javax.xml.namespace=ALL-UNNAMED -Xmx2048m -Dfile.encoding=UTF-8 -Duser.country=RU -Duser.language=ru -Duser.variant -javaagent:C:\Users\datce\.gradle\wrapper\dists\gradle-8.11.1-bin\bpt9gzteqjrbo1mjrsomdt32c\gradle-8.11.1\lib\agents\gradle-instrumentation-agent-8.11.1.jar org.gradle.launcher.daemon.bootstrap.GradleDaemon 8.11.1

Host: Intel(R) Pentium(R) CPU G620 @ 2.60GHz, 2 cores, 3G,  Windows 10 , 64 bit Build 19041 (10.0.19041.5438)
Time: Sun Mar 30 13:11:07 2025  Windows 10 , 64 bit Build 19041 (10.0.19041.5438) elapsed time: 2417.739435 seconds (0d 0h 40m 17s)

---------------  T H R E A D  ---------------

Current thread (0x000001d1c5037630):  WorkerThread "G1 Conc#0"      [id=7268, stack(0x0000002221d00000,0x0000002221e00000) (1024K)]

Stack: [0x0000002221d00000,0x0000002221e00000],  sp=0x0000002221dffb50,  free space=1022k
Native frames: (J=compiled Java code, j=interpreted, Vv=VM code, C=native code)
C  0x0000000000000032


siginfo: EXCEPTION_ACCESS_VIOLATION (0xc0000005), data execution prevention violation at address 0x0000000000000032


Registers:
RAX=0x00007ffadaa11a00, RBX=0x0000000000000000, RCX=0x0000002221dffc80, RDX=0x000000008bfd71e8
RSP=0x0000002221dffb48, RBP=0x0000002221dffc80, RSI=0x000000008bfd71e8, RDI=0x00000001006b7f38
R8 =0x00000001006b7f38, R9 =0x00000000000001d1, R10=0x0000000000000000, R11=0x0000000000000000
R12=0x0000000000000000, R13=0xaaaaaaaaaaaaaaab, R14=0x0000000000000001, R15=0x0000002221dffc40
RIP=0x0000000000000032, EFLAGS=0x0000000000010246


Register to memory mapping:

RAX=0x00007ffadaa11a00 jvm.dll
RBX=0x0 is null
RCX=0x0000002221dffc80 points into unknown readable memory: 0x00007ffada849d18 | 18 9d 84 da fa 7f 00 00
RDX=